<?xml version="1.0" encoding="UTF-8"?>
<!-- Generated by org.testng.reporters.JUnitReportReporter -->
<testsuite hostname="DESKTOP-GB3VIQ0" failures="0" tests="3" name="testNGpackage.OrganiseTestNg" time="13.951" errors="0" timestamp="2024-08-11T18:04:17 CEST" skipped="1">
  <testcase classname="testNGpackage.OrganiseTestNg" name="searchProduct" time="8.723"/>
  <system-out/>
  <testcase classname="testNGpackage.OrganiseTestNg" name="hamburgerMenu" time="5.228"/>
  <system-out/>
  <testcase classname="testNGpackage.OrganiseTestNg" name="selection">
    <skipped/>
  </testcase> <!-- selection -->
  <system-out/>
</testsuite> <!-- testNGpackage.OrganiseTestNg -->
