<?xml version="1.0" encoding="UTF-8"?>
<!-- Generated by org.testng.reporters.JUnitReportReporter -->
<testsuite hostname="DESKTOP-GB3VIQ0" failures="0" tests="1" name="testNGpackage.LoginParameters" time="18.824" errors="0" timestamp="2024-08-12T06:43:47 CEST" skipped="0">
  <testcase classname="testNGpackage.LoginParameters" name="testLogin" time="18.824"/>
  <system-out/>
</testsuite> <!-- testNGpackage.LoginParameters -->
