<?xml version="1.0" encoding="UTF-8"?>
<!-- Generated by org.testng.reporters.JUnitReportReporter -->
<testsuite hostname="DESKTOP-GB3VIQ0" failures="0" tests="1" name="testNGpackage.CopypasteEvent" time="0.508" errors="0" timestamp="2024-08-13T06:03:34 CEST" skipped="0">
  <testcase classname="testNGpackage.CopypasteEvent" name="test" time="0.508"/>
  <system-out/>
</testsuite> <!-- testNGpackage.CopypasteEvent -->
