<?xml version="1.0" encoding="UTF-8"?>
<!-- Generated by org.testng.reporters.JUnitReportReporter -->
<testsuite hostname="DESKTOP-GB3VIQ0" failures="0" tests="1" name="testNGpackage.Datadriventest" time="7.864" errors="0" timestamp="2024-08-21T05:49:56 CEST" skipped="0">
  <testcase classname="testNGpackage.Datadriventest" name="dataDrivenTest" time="7.864"/>
  <system-out/>
</testsuite> <!-- testNGpackage.Datadriventest -->
