<?xml version="1.0" encoding="UTF-8"?>
<!-- Generated by org.testng.reporters.JUnitReportReporter -->
<testsuite hostname="DESKTOP-GB3VIQ0" failures="0" tests="4" name="junitPackage.TestNg" time="0.028" errors="0" timestamp="2024-08-10T11:54:17 CEST" skipped="1">
  <testcase classname="junitPackage.TestNg" name="test1" time="0.015"/>
  <system-out/>
  <testcase classname="junitPackage.TestNg" name="test3" time="0.005"/>
  <system-out/>
  <testcase classname="junitPackage.TestNg" name="test3" time="0.008"/>
  <system-out/>
  <testcase classname="junitPackage.TestNg" name="test2">
    <skipped/>
  </testcase> <!-- test2 -->
  <system-out/>
</testsuite> <!-- junitPackage.TestNg -->
