<?xml version="1.0" encoding="UTF-8"?>
<!-- Generated by org.testng.reporters.JUnitReportReporter -->
<testsuite hostname="DESKTOP-GB3VIQ0" failures="0" tests="1" name="testNGpackage.HarizenChildWindowTest" time="0.140" errors="0" timestamp="2024-08-25T18:21:15 CEST" skipped="0">
  <testcase classname="testNGpackage.HarizenChildWindowTest" name="testblog" time="0.140"/>
  <system-out/>
</testsuite> <!-- testNGpackage.HarizenChildWindowTest -->
