<?xml version="1.0" encoding="UTF-8"?>
<!-- Generated by org.testng.reporters.JUnitReportReporter -->
<testsuite hostname="DESKTOP-GB3VIQ0" failures="0" tests="1" name="testNGpackage.Upload" time="2.310" errors="0" timestamp="2024-08-16T13:22:25 CEST" skipped="0">
  <testcase classname="testNGpackage.Upload" name="testFile" time="2.310"/>
  <system-out/>
</testsuite> <!-- testNGpackage.Upload -->
