<?xml version="1.0" encoding="UTF-8"?>
<!-- Generated by org.testng.reporters.JUnitReportReporter -->
<testsuite hostname="DESKTOP-GB3VIQ0" failures="0" tests="3" name="testNGpackage.CrossBrowserTestingFb" time="3.911" errors="0" timestamp="2024-08-13T11:30:44 CEST" skipped="0">
  <testcase classname="testNGpackage.CrossBrowserTestingFb" name="fbBrowser" time="1.383"/>
  <system-out/>
  <testcase classname="testNGpackage.CrossBrowserTestingFb" name="fbBrowser" time="1.294"/>
  <system-out/>
  <testcase classname="testNGpackage.CrossBrowserTestingFb" name="fbBrowser" time="1.234"/>
  <system-out/>
</testsuite> <!-- testNGpackage.CrossBrowserTestingFb -->
