<?xml version="1.0" encoding="UTF-8"?>
<!-- Generated by org.testng.reporters.JUnitReportReporter -->
<testsuite hostname="DESKTOP-GB3VIQ0" failures="0" tests="1" name="testNGpackage.Wait" time="1.431" errors="0" timestamp="2024-08-15T15:29:29 CEST" skipped="0">
  <testcase classname="testNGpackage.Wait" name="testAndWait" time="1.431"/>
  <system-out/>
</testsuite> <!-- testNGpackage.Wait -->
