<?xml version="1.0" encoding="UTF-8"?>
<!-- Generated by org.testng.reporters.JUnitReportReporter -->
<testsuite hostname="DESKTOP-GB3VIQ0" failures="0" tests="1" name="testNGpackage.TestGurupgm" time="2.637" errors="0" timestamp="2024-08-13T12:09:25 CEST" skipped="0">
  <testcase classname="testNGpackage.TestGurupgm" name="testRightclick" time="2.637"/>
  <system-out/>
</testsuite> <!-- testNGpackage.TestGurupgm -->
