<?xml version="1.0" encoding="UTF-8"?>
<!-- Generated by org.testng.reporters.JUnitReportReporter -->
<testsuite hostname="DESKTOP-GB3VIQ0" failures="0" tests="1" name="testNGpackage.FileUpAutoit" time="4.570" errors="0" timestamp="2024-08-19T06:39:29 CEST" skipped="0">
  <testcase classname="testNGpackage.FileUpAutoit" name="main" time="4.570"/>
  <system-out/>
</testsuite> <!-- testNGpackage.FileUpAutoit -->
