<?xml version="1.0" encoding="UTF-8"?>
<!-- Generated by org.testng.reporters.JUnitReportReporter -->
<testsuite hostname="DESKTOP-GB3VIQ0" failures="0" tests="1" name="testNGpackage.EbayCheck" time="2.589" errors="0" timestamp="2024-08-14T06:32:02 CEST" skipped="0">
  <testcase classname="testNGpackage.EbayCheck" name="mouseHover" time="2.589"/>
  <system-out/>
</testsuite> <!-- testNGpackage.EbayCheck -->
