<?xml version="1.0" encoding="UTF-8"?>
<!-- Generated by org.testng.reporters.JUnitReportReporter -->
<testsuite hostname="DESKTOP-GB3VIQ0" failures="0" tests="1" name="testNGpackage.DragAndDrop" time="5.462" errors="0" timestamp="2024-08-14T18:06:46 CEST" skipped="0">
  <testcase classname="testNGpackage.DragAndDrop" name="dragAndDrop" time="5.462"/>
  <system-out/>
</testsuite> <!-- testNGpackage.DragAndDrop -->
