<?xml version="1.0" encoding="UTF-8"?>
<!-- Generated by org.testng.reporters.JUnitReportReporter -->
<testsuite hostname="DESKTOP-GB3VIQ0" failures="0" tests="1" name="testNGpackage.ParameterizationTestNg" time="0.010" errors="0" timestamp="2024-08-12T06:05:11 CEST" skipped="0">
  <testcase classname="testNGpackage.ParameterizationTestNg" name="test" time="0.010"/>
  <system-out/>
</testsuite> <!-- testNGpackage.ParameterizationTestNg -->
