<?xml version="1.0" encoding="UTF-8"?>
<!-- Generated by org.testng.reporters.JUnitReportReporter -->
<testsuite hostname="DESKTOP-GB3VIQ0" failures="0" tests="1" name="testNGpackage.WindowHandleTest1" time="3.934" errors="0" timestamp="2024-08-22T13:37:53 CEST" skipped="0">
  <testcase classname="testNGpackage.WindowHandleTest1" name="windowHandle" time="3.934"/>
  <system-out/>
</testsuite> <!-- testNGpackage.WindowHandleTest1 -->
