<?xml version="1.0" encoding="UTF-8"?>
<!-- Generated by org.testng.reporters.JUnitReportReporter -->
<testsuite hostname="DESKTOP-GB3VIQ0" failures="0" tests="1" name="Test.InstagramTest" time="4.204" errors="0" timestamp="2024-08-25T18:35:54 CEST" skipped="0">
  <testcase classname="Test.InstagramTest" name="testInstapage" time="4.204"/>
  <system-out/>
</testsuite> <!-- Test.InstagramTest -->
