<?xml version="1.0" encoding="UTF-8"?>
<!-- Generated by org.testng.reporters.JUnitReportReporter -->
<testsuite hostname="DESKTOP-GB3VIQ0" failures="0" tests="1" name="testNGpackage.FileUpload" time="14.557" errors="0" timestamp="2024-08-15T18:59:39 CEST" skipped="0">
  <testcase classname="testNGpackage.FileUpload" name="testFileUpload" time="14.557"/>
  <system-out/>
</testsuite> <!-- testNGpackage.FileUpload -->
