<?xml version="1.0" encoding="UTF-8"?>
<!-- Generated by org.testng.reporters.JUnitReportReporter -->
<testsuite hostname="DESKTOP-GB3VIQ0" failures="0" tests="1" name="testNGpackage.ArrayListPgm" time="2.651" errors="0" timestamp="2024-08-26T06:09:03 CEST" skipped="0">
  <testcase classname="testNGpackage.ArrayListPgm" name="testHandlewindow" time="2.651"/>
  <system-out/>
</testsuite> <!-- testNGpackage.ArrayListPgm -->
