<?xml version="1.0" encoding="UTF-8"?>
<!-- Generated by org.testng.reporters.JUnitReportReporter -->
<testsuite hostname="DESKTOP-GB3VIQ0" failures="0" tests="2" name="junitPackage.TestNgGroups" time="0.009" errors="0" timestamp="2024-08-10T12:38:25 CEST" skipped="0">
  <testcase classname="junitPackage.TestNgGroups" name="test1" time="0.007"/>
  <system-out/>
  <testcase classname="junitPackage.TestNgGroups" name="test2" time="0.002"/>
  <system-out/>
</testsuite> <!-- junitPackage.TestNgGroups -->
