<?xml version="1.0" encoding="UTF-8"?>
<!-- Generated by org.testng.reporters.JUnitReportReporter -->
<testsuite hostname="DESKTOP-GB3VIQ0" failures="0" tests="1" name="testNGpackage.WindowHandleAmazon" time="9.956" errors="0" timestamp="2024-08-25T16:09:53 CEST" skipped="0">
  <testcase classname="testNGpackage.WindowHandleAmazon" name="testAmazonWindow" time="9.956"/>
  <system-out/>
</testsuite> <!-- testNGpackage.WindowHandleAmazon -->
