<?xml version="1.0" encoding="UTF-8"?>
<!-- Generated by org.testng.reporters.JUnitReportReporter -->
<testsuite hostname="DESKTOP-GB3VIQ0" failures="0" tests="3" name="testNGpackage.CrossbrowserTesting" time="2.705" errors="0" timestamp="2024-08-12T07:17:46 CEST" skipped="0">
  <testcase classname="testNGpackage.CrossbrowserTesting" name="browserTest" time="0.897"/>
  <system-out/>
  <testcase classname="testNGpackage.CrossbrowserTesting" name="browserTest" time="1.072"/>
  <system-out/>
  <testcase classname="testNGpackage.CrossbrowserTesting" name="browserTest" time="0.736"/>
  <system-out/>
</testsuite> <!-- testNGpackage.CrossbrowserTesting -->
