<?xml version="1.0" encoding="UTF-8"?>
<!-- Generated by org.testng.reporters.JUnitReportReporter -->
<testsuite hostname="DESKTOP-GB3VIQ0" failures="0" tests="1" name="testNGpackage.VerifyButtonText" time="0.064" errors="0" timestamp="2024-08-20T20:39:56 CEST" skipped="0">
  <testcase classname="testNGpackage.VerifyButtonText" name="test" time="0.064"/>
  <system-out/>
</testsuite> <!-- testNGpackage.VerifyButtonText -->
