<?xml version="1.0" encoding="UTF-8"?>
<!-- Generated by org.testng.reporters.JUnitReportReporter -->
<testsuite hostname="DESKTOP-GB3VIQ0" failures="0" tests="2" name="testNGpackage.RishiIndiaTesting" time="11.847" errors="0" timestamp="2024-08-16T08:53:37 CEST" skipped="0">
  <testcase classname="testNGpackage.RishiIndiaTesting" name="testAddProductToWishlist" time="6.100"/>
  <system-out/>
  <testcase classname="testNGpackage.RishiIndiaTesting" name="test" time="5.747"/>
  <system-out/>
</testsuite> <!-- testNGpackage.RishiIndiaTesting -->
