<?xml version="1.0" encoding="UTF-8"?>
<!-- Generated by org.testng.reporters.JUnitReportReporter -->
<testsuite hostname="DESKTOP-GB3VIQ0" failures="0" tests="1" name="testNGpackage.ArrayListTestProgram" time="8.030" errors="0" timestamp="2024-08-26T17:25:54 CEST" skipped="0">
  <testcase classname="testNGpackage.ArrayListTestProgram" name="testWindow" time="8.030"/>
  <system-out/>
</testsuite> <!-- testNGpackage.ArrayListTestProgram -->
